<?xml version="1.0" encoding="UTF-8"?>
<!-- Generated by org.testng.reporters.JUnitXMLReporter -->
<testsuite ignored="0" hostname="SmitaMahajan" failures="0" tests="3" name="Default test" time="0.066" errors="0" timestamp="2024-12-24T09:35:05 IST">
  <testcase classname="practice.testng.SampleReportTest" name="createContactTest" time="0.015"/>
  <testcase classname="practice.testng.SampleReportTest" name="createContactWithOrgTest" time="0.002"/>
  <testcase classname="practice.testng.SampleReportTest" name="createContactWithPhoneNumberTest" time="0.002"/>
</testsuite> <!-- Default test -->
