<?xml version="1.0" encoding="UTF-8"?>
<!-- Generated by org.testng.reporters.JUnitXMLReporter -->
<testsuite ignored="2" hostname="SmitaMahajan" failures="0" tests="4" name="Test" time="0.085" errors="0" timestamp="2024-12-16T14:54:27 IST">
  <testcase classname="com.practice.baseclasswithconfigannotation.CreateContactTest" name="createContact" time="0.008"/>
  <testcase classname="com.practice.baseclasswithconfigannotation.CreateContactTest" name="createContactWithDate" time="0.002"/>
  <testcase classname="com.practice.baseclasswithconfigannotation.CreateOrgTest" name="createOrg" time="0.002"/>
  <testcase classname="com.practice.baseclasswithconfigannotation.CreateOrgTest" name="createOrgWithIndustry" time="0.002"/>
  <testcase classname="com.practice.baseclass.BaseClass" name="@BeforeSuite configBS" time="0.0">
    <ignored/>
  </testcase> <!-- @BeforeSuite configBS -->
  <testcase classname="com.practice.baseclass.BaseClass" name="@AfterSuite configAS" time="0.0">
    <ignored/>
  </testcase> <!-- @AfterSuite configAS -->
</testsuite> <!-- Test -->
